<?xml version="1.0" encoding="UTF-8"?>
<!-- Generated by org.testng.reporters.JUnitReportReporter -->
<testsuite hostname="Bhagyashree" failures="0" tests="2" name="DataDrivenTesting.DataproviderBasic" time="37.126" errors="0" timestamp="2024-05-17T11:47:49 IST" skipped="0">
  <testcase classname="DataDrivenTesting.DataproviderBasic" name="receiver" time="24.310"/>
  <system-out/>
  <testcase classname="DataDrivenTesting.DataproviderBasic" name="receiver" time="12.816"/>
  <system-out/>
</testsuite> <!-- DataDrivenTesting.DataproviderBasic -->
