<?xml version="1.0" encoding="UTF-8"?>
<!-- Generated by org.testng.reporters.JUnitReportReporter -->
<testsuite hostname="Bhagyashree" failures="0" tests="2" name="BatchExecution.MakeMyTrip" time="37.522" errors="0" timestamp="2024-05-20T11:37:09 IST" skipped="0">
  <testcase classname="BatchExecution.MakeMyTrip" name="makeMyTrip" time="21.494"/>
  <system-out/>
  <testcase classname="BatchExecution.MakeMyTrip" name="makeMyTrip" time="16.028"/>
  <system-out/>
</testsuite> <!-- BatchExecution.MakeMyTrip -->
