<?xml version="1.0" encoding="UTF-8"?>
<!-- Generated by org.testng.reporters.JUnitReportReporter -->
<testsuite hostname="Bhagyashree" failures="0" tests="2" name="BasicTestNG.ChronologicalOrder" time="0.024" errors="0" timestamp="2024-05-10T16:17:43 IST" skipped="0">
  <testcase classname="BasicTestNG.ChronologicalOrder" name="test2" time="0.006"/>
  <system-out/>
  <testcase classname="BasicTestNG.ChronologicalOrder" name="test" time="0.018"/>
  <system-out/>
</testsuite> <!-- BasicTestNG.ChronologicalOrder -->
