<?xml version="1.0" encoding="UTF-8"?>
<!-- Generated by org.testng.reporters.JUnitReportReporter -->
<testsuite hostname="Bhagyashree" failures="0" tests="1" name="Assertion.Dws" time="11.505" errors="0" timestamp="2024-05-21T11:48:24 IST" skipped="0">
  <testcase classname="Assertion.Dws" name="hardAssert" time="11.505"/>
  <system-out/>
</testsuite> <!-- Assertion.Dws -->
