<?xml version="1.0" encoding="UTF-8"?>
<!-- Generated by org.testng.reporters.JUnitReportReporter -->
<testsuite hostname="Bhagyashree" failures="0" tests="1" name="Assignment.OddEvenNum" time="1.212" errors="0" timestamp="2024-05-16T22:38:24 IST" skipped="0">
  <testcase classname="Assignment.OddEvenNum" name="oddEvenNum" time="1.212"/>
  <system-out/>
</testsuite> <!-- Assignment.OddEvenNum -->
