<?xml version="1.0" encoding="UTF-8"?>
<!-- Generated by org.testng.reporters.JUnitReportReporter -->
<testsuite hostname="Bhagyashree" failures="0" tests="2" name="BatchExecution.AbhiBus" time="246.732" errors="0" timestamp="2024-05-20T11:37:09 IST" skipped="0">
  <testcase classname="BatchExecution.AbhiBus" name="abhiBus" time="73.229"/>
  <system-out/>
  <testcase classname="BatchExecution.AbhiBus" name="abhiBus" time="173.503"/>
  <system-out/>
</testsuite> <!-- BatchExecution.AbhiBus -->
