<?xml version="1.0" encoding="UTF-8"?>
<!-- Generated by org.testng.reporters.JUnitReportReporter -->
<testsuite hostname="Bhagyashree" failures="0" tests="1" name="DataDrivenTesting.WriteDataToExcelSheet" time="1.507" errors="0" timestamp="2024-05-29T09:27:26 IST" skipped="0">
  <testcase classname="DataDrivenTesting.WriteDataToExcelSheet" name="dataToExcel" time="1.507"/>
  <system-out/>
</testsuite> <!-- DataDrivenTesting.WriteDataToExcelSheet -->
