<?xml version="1.0" encoding="UTF-8"?>
<!-- Generated by org.testng.reporters.JUnitReportReporter -->
<testsuite hostname="Bhagyashree" failures="0" tests="2" name="BatchExecutionFashion.Kalki" time="75.921" errors="0" timestamp="2024-05-20T11:37:09 IST" skipped="0">
  <testcase classname="BatchExecutionFashion.Kalki" name="kalki" time="22.304"/>
  <system-out/>
  <testcase classname="BatchExecutionFashion.Kalki" name="kalki" time="53.617"/>
  <system-out/>
</testsuite> <!-- BatchExecutionFashion.Kalki -->
