<?xml version="1.0" encoding="UTF-8"?>
<!-- Generated by org.testng.reporters.JUnitReportReporter -->
<testsuite hostname="Bhagyashree" failures="0" tests="1" name="BasicTestNG.DemoWebShop" time="4.989" errors="0" timestamp="2024-05-12T14:19:35 IST" skipped="0">
  <testcase classname="BasicTestNG.DemoWebShop" name="addtocart" time="4.989"/>
  <system-out/>
</testsuite> <!-- BasicTestNG.DemoWebShop -->
