<?xml version="1.0" encoding="UTF-8"?>
<!-- Generated by org.testng.reporters.JUnitReportReporter -->
<testsuite hostname="Bhagyashree" failures="0" tests="1" name="DataDrivenTesting.PropertiesFile" time="10.148" errors="0" timestamp="2024-05-16T11:56:52 IST" skipped="0">
  <testcase classname="DataDrivenTesting.PropertiesFile" name="readDataFromPropertiesFile" time="10.148"/>
  <system-out/>
</testsuite> <!-- DataDrivenTesting.PropertiesFile -->
