<?xml version="1.0" encoding="UTF-8"?>
<!-- Generated by org.testng.reporters.JUnitReportReporter -->
<testsuite hostname="Bhagyashree" failures="0" tests="2" name="BatchExecutionFashion.Ajio" time="83.085" errors="0" timestamp="2024-05-20T11:37:09 IST" skipped="0">
  <testcase classname="BatchExecutionFashion.Ajio" name="ajio" time="61.673"/>
  <system-out/>
  <testcase classname="BatchExecutionFashion.Ajio" name="ajio" time="21.412"/>
  <system-out/>
</testsuite> <!-- BatchExecutionFashion.Ajio -->
