<?xml version="1.0" encoding="UTF-8"?>
<!-- Generated by org.testng.reporters.JUnitReportReporter -->
<testsuite hostname="Bhagyashree" failures="0" tests="3" name="BasicTestNG.DependsOnMethod" time="41.908" errors="0" timestamp="2024-05-16T12:59:30 IST" skipped="0">
  <testcase classname="BasicTestNG.DependsOnMethod" name="modifyAccount" time="9.494"/>
  <system-out/>
  <testcase classname="BasicTestNG.DependsOnMethod" name="deleteAccount" time="21.726"/>
  <system-out/>
  <testcase classname="BasicTestNG.DependsOnMethod" name="createAccount" time="10.688"/>
  <system-out/>
</testsuite> <!-- BasicTestNG.DependsOnMethod -->
