<?xml version="1.0" encoding="UTF-8"?>
<!-- Generated by org.testng.reporters.JUnitReportReporter -->
<testsuite hostname="Bhagyashree" failures="0" tests="1" name="DataDrivenTesting.ShopperLogin" time="25.547" errors="0" timestamp="2024-05-20T11:09:52 IST" skipped="0">
  <testcase classname="DataDrivenTesting.ShopperLogin" name="shopperLogin" time="25.547"/>
  <system-out/>
</testsuite> <!-- DataDrivenTesting.ShopperLogin -->
