<?xml version="1.0" encoding="UTF-8"?>
<!-- Generated by org.testng.reporters.JUnitReportReporter -->
<testsuite hostname="Bhagyashree" failures="0" tests="1" name="ExtentReport.SampleReport" time="1.229" errors="0" timestamp="2024-05-30T09:57:11 IST" skipped="0">
  <testcase classname="ExtentReport.SampleReport" name="lauchReport" time="1.229"/>
  <system-out/>
</testsuite> <!-- ExtentReport.SampleReport -->
