<?xml version="1.0" encoding="UTF-8"?>
<!-- Generated by org.testng.reporters.JUnitReportReporter -->
<testsuite hostname="Bhagyashree" failures="0" tests="1" name="Assignment.PrimeNum" time="1.183" errors="0" timestamp="2024-05-16T22:36:07 IST" skipped="0">
  <testcase classname="Assignment.PrimeNum" name="primeNum" time="1.183"/>
  <system-out/>
</testsuite> <!-- Assignment.PrimeNum -->
