<?xml version="1.0" encoding="UTF-8"?>
<!-- Generated by org.testng.reporters.JUnitReportReporter -->
<testsuite hostname="Bhagyashree" failures="0" tests="1" name="DataDrivenTesting.Vtiger" time="15.254" errors="0" timestamp="2024-05-15T13:08:44 IST" skipped="0">
  <testcase classname="DataDrivenTesting.Vtiger" name="vtigerLogin" time="15.254"/>
  <system-out/>
</testsuite> <!-- DataDrivenTesting.Vtiger -->
