<?xml version="1.0" encoding="UTF-8"?>
<!-- Generated by org.testng.reporters.JUnitReportReporter -->
<testsuite hostname="Bhagyashree" failures="0" tests="2" name="BatchExecution.RedBus" time="79.916" errors="0" timestamp="2024-05-20T11:37:09 IST" skipped="0">
  <testcase classname="BatchExecution.RedBus" name="redBus" time="58.316"/>
  <system-out/>
  <testcase classname="BatchExecution.RedBus" name="redBus" time="21.600"/>
  <system-out/>
</testsuite> <!-- BatchExecution.RedBus -->
