<?xml version="1.0" encoding="UTF-8"?>
<!-- Generated by org.testng.reporters.JUnitReportReporter -->
<testsuite hostname="Bhagyashree" failures="0" tests="4" name="BasicTestNG.LaunchExecution" time="35.921" errors="0" timestamp="2024-05-21T10:07:27 IST" skipped="0">
  <testcase classname="BasicTestNG.LaunchExecution" name="mumbai" time="15.119"/>
  <system-out/>
  <testcase classname="BasicTestNG.LaunchExecution" name="flipkart" time="7.881"/>
  <system-out/>
  <testcase classname="BasicTestNG.LaunchExecution" name="myntra" time="5.071"/>
  <system-out/>
  <testcase classname="BasicTestNG.LaunchExecution" name="flipkart" time="7.850"/>
  <system-out/>
</testsuite> <!-- BasicTestNG.LaunchExecution -->
